action: GLOB, msg: packaging
cwd: /home/joan/kata/dni_kata
cmd: /home/joan/kata/dni_kata/venv/bin/python3.8 setup.py sdist --formats=zip --dist-dir .tox/dist
running sdist
running egg_info
writing kata_DNI.egg-info/PKG-INFO
writing dependency_links to kata_DNI.egg-info/dependency_links.txt
writing requirements to kata_DNI.egg-info/requires.txt
writing top-level names to kata_DNI.egg-info/top_level.txt
reading manifest file 'kata_DNI.egg-info/SOURCES.txt'
writing manifest file 'kata_DNI.egg-info/SOURCES.txt'
running check
creating kata DNI-0.0.1
creating kata DNI-0.0.1/kata_DNI.egg-info
creating kata DNI-0.0.1/src
creating kata DNI-0.0.1/test
copying files to kata DNI-0.0.1...
copying README.md -> kata DNI-0.0.1
copying pyproject.toml -> kata DNI-0.0.1
copying setup.py -> kata DNI-0.0.1
copying kata_DNI.egg-info/PKG-INFO -> kata DNI-0.0.1/kata_DNI.egg-info
copying kata_DNI.egg-info/SOURCES.txt -> kata DNI-0.0.1/kata_DNI.egg-info
copying kata_DNI.egg-info/dependency_links.txt -> kata DNI-0.0.1/kata_DNI.egg-info
copying kata_DNI.egg-info/requires.txt -> kata DNI-0.0.1/kata_DNI.egg-info
copying kata_DNI.egg-info/top_level.txt -> kata DNI-0.0.1/kata_DNI.egg-info
copying src/__init__.py -> kata DNI-0.0.1/src
copying src/dni.py -> kata DNI-0.0.1/src
copying src/tabla_asignacion.py -> kata DNI-0.0.1/src
copying test/__init__.py -> kata DNI-0.0.1/test
copying test/test_hello_world.py -> kata DNI-0.0.1/test
Writing kata DNI-0.0.1/setup.cfg
creating '.tox/dist/kata DNI-0.0.1.zip' and adding 'kata DNI-0.0.1' to it
adding 'kata DNI-0.0.1'
adding 'kata DNI-0.0.1/src'
adding 'kata DNI-0.0.1/test'
adding 'kata DNI-0.0.1/kata_DNI.egg-info'
adding 'kata DNI-0.0.1/README.md'
adding 'kata DNI-0.0.1/pyproject.toml'
adding 'kata DNI-0.0.1/setup.cfg'
adding 'kata DNI-0.0.1/setup.py'
adding 'kata DNI-0.0.1/PKG-INFO'
adding 'kata DNI-0.0.1/src/tabla_asignacion.py'
adding 'kata DNI-0.0.1/src/dni.py'
adding 'kata DNI-0.0.1/src/__init__.py'
adding 'kata DNI-0.0.1/test/test_hello_world.py'
adding 'kata DNI-0.0.1/test/__init__.py'
adding 'kata DNI-0.0.1/kata_DNI.egg-info/top_level.txt'
adding 'kata DNI-0.0.1/kata_DNI.egg-info/dependency_links.txt'
adding 'kata DNI-0.0.1/kata_DNI.egg-info/SOURCES.txt'
adding 'kata DNI-0.0.1/kata_DNI.egg-info/requires.txt'
adding 'kata DNI-0.0.1/kata_DNI.egg-info/PKG-INFO'
removing 'kata DNI-0.0.1' (and everything under it)
